e:\work\main\src\dataware\dwroadbed\roadbed_cgal_tools\x64\release\rb_exec_info.obj
e:\work\main\src\dataware\dwroadbed\roadbed_cgal_tools\x64\release\rb_tool_clip_3d_open.obj
e:\work\main\src\dataware\dwroadbed\roadbed_cgal_tools\x64\release\rb_osg_cgal_converter.obj
e:\work\main\src\dataware\dwroadbed\roadbed_cgal_tools\x64\release\rb_tool_clip_2d.obj
e:\work\main\src\dataware\dwroadbed\roadbed_cgal_tools\x64\release\rb_tool_clip_3d_closed_capi.obj
e:\work\main\src\dataware\dwroadbed\roadbed_cgal_tools\x64\release\rb_tool_clip_3d_open_capi.obj
e:\work\main\src\dataware\dwroadbed\roadbed_cgal_tools\x64\release\rb_tool_clip_3d_closed.obj
e:\work\main\src\dataware\dwroadbed\roadbed_cgal_tools\x64\release\dllmain.obj
e:\work\main\src\dataware\dwroadbed\roadbed_cgal_tools\x64\release\vc141.pdb
e:\work\main\x64\release\bin\common\roadbedcgaltools.lib
e:\work\main\x64\release\bin\common\roadbedcgaltools.pdb
e:\work\main\x64\release\bin\common\roadbedcgaltools.exp
e:\work\main\src\dataware\dwroadbed\roadbed_cgal_tools\x64\release\roadbedcgaltools.tlog\cl.command.1.tlog
e:\work\main\src\dataware\dwroadbed\roadbed_cgal_tools\x64\release\roadbedcgaltools.tlog\cl.read.1.tlog
e:\work\main\src\dataware\dwroadbed\roadbed_cgal_tools\x64\release\roadbedcgaltools.tlog\cl.write.1.tlog
e:\work\main\src\dataware\dwroadbed\roadbed_cgal_tools\x64\release\roadbedcgaltools.tlog\link.command.1.tlog
e:\work\main\src\dataware\dwroadbed\roadbed_cgal_tools\x64\release\roadbedcgaltools.tlog\link.delete.1.tlog
e:\work\main\src\dataware\dwroadbed\roadbed_cgal_tools\x64\release\roadbedcgaltools.tlog\link.read.1.tlog
e:\work\main\src\dataware\dwroadbed\roadbed_cgal_tools\x64\release\roadbedcgaltools.tlog\link.write.1.tlog
e:\work\main\src\dataware\dwroadbed\roadbed_cgal_tools\x64\release\roadbedcgaltools.tlog\roadbedcgaltools.write.1u.tlog
